<?xml version="1.0" encoding="UTF-8"?>
<!-- Generated by org.testng.reporters.JUnitXMLReporter -->
<testsuite hostname="DESKTOP-LT3MS3N" ignored="0" name="Command line test" tests="9" failures="0" timestamp="23 Oct 2020 03:59:43 GMT" time="0.049" errors="0">
  <testcase name="Test1" time="0.011" classname="MavenProject.ClassATest"/>
  <testcase name="Test2" time="0.0" classname="MavenProject.ClassATest"/>
  <testcase name="Test3" time="0.009" classname="MavenProject.ClassATest"/>
  <testcase name="Test4" time="0.005" classname="MavenProject.ClassBTest"/>
  <testcase name="Test5" time="0.0" classname="MavenProject.ClassBTest"/>
  <testcase name="Test6" time="0.0" classname="MavenProject.ClassBTest"/>
  <testcase name="Test7" time="0.0" classname="MavenProject.ClassCTest"/>
  <testcase name="Test8" time="0.0" classname="MavenProject.ClassCTest"/>
  <testcase name="Test9" time="0.0" classname="MavenProject.ClassCTest"/>
</testsuite> <!-- Command line test -->
