<?xml version="1.0" encoding="UTF-8"?>
<testng-results skipped="0" failed="0" ignored="0" total="9" passed="9">
  <reporter-output>
  </reporter-output>
  <suite name="Command line suite" duration-ms="49" started-at="2020-10-23T03:59:43Z" finished-at="2020-10-23T03:59:43Z">
    <groups>
    </groups>
    <test name="Command line test" duration-ms="49" started-at="2020-10-23T03:59:43Z" finished-at="2020-10-23T03:59:43Z">
      <class name="MavenProject.ClassBTest">
        <test-method status="PASS" signature="Test4()[pri:0, instance:MavenProject.ClassBTest@340f438e]" name="Test4" duration-ms="5" started-at="2020-10-23T09:29:43Z" finished-at="2020-10-23T09:29:43Z">
          <reporter-output>
          </reporter-output>
        </test-method> <!-- Test4 -->
        <test-method status="PASS" signature="Test6()[pri:0, instance:MavenProject.ClassBTest@340f438e]" name="Test6" duration-ms="0" started-at="2020-10-23T09:29:43Z" finished-at="2020-10-23T09:29:43Z">
          <reporter-output>
          </reporter-output>
        </test-method> <!-- Test6 -->
        <test-method status="PASS" signature="Test5()[pri:0, instance:MavenProject.ClassBTest@340f438e]" name="Test5" duration-ms="0" started-at="2020-10-23T09:29:43Z" finished-at="2020-10-23T09:29:43Z">
          <reporter-output>
          </reporter-output>
        </test-method> <!-- Test5 -->
      </class> <!-- MavenProject.ClassBTest -->
      <class name="MavenProject.ClassATest">
        <test-method status="PASS" signature="Test1()[pri:0, instance:MavenProject.ClassATest@36d64342]" name="Test1" duration-ms="11" started-at="2020-10-23T09:29:43Z" finished-at="2020-10-23T09:29:43Z">
          <reporter-output>
          </reporter-output>
        </test-method> <!-- Test1 -->
        <test-method status="PASS" signature="Test2()[pri:0, instance:MavenProject.ClassATest@36d64342]" name="Test2" duration-ms="0" started-at="2020-10-23T09:29:43Z" finished-at="2020-10-23T09:29:43Z">
          <reporter-output>
          </reporter-output>
        </test-method> <!-- Test2 -->
        <test-method status="PASS" signature="Test3()[pri:0, instance:MavenProject.ClassATest@36d64342]" name="Test3" duration-ms="9" started-at="2020-10-23T09:29:43Z" finished-at="2020-10-23T09:29:43Z">
          <reporter-output>
          </reporter-output>
        </test-method> <!-- Test3 -->
      </class> <!-- MavenProject.ClassATest -->
      <class name="MavenProject.ClassCTest">
        <test-method status="PASS" signature="Test8()[pri:0, instance:MavenProject.ClassCTest@30c7da1e]" name="Test8" duration-ms="0" started-at="2020-10-23T09:29:43Z" finished-at="2020-10-23T09:29:43Z">
          <reporter-output>
          </reporter-output>
        </test-method> <!-- Test8 -->
        <test-method status="PASS" signature="Test7()[pri:0, instance:MavenProject.ClassCTest@30c7da1e]" name="Test7" duration-ms="0" started-at="2020-10-23T09:29:43Z" finished-at="2020-10-23T09:29:43Z">
          <reporter-output>
          </reporter-output>
        </test-method> <!-- Test7 -->
        <test-method status="PASS" signature="Test9()[pri:0, instance:MavenProject.ClassCTest@30c7da1e]" name="Test9" duration-ms="0" started-at="2020-10-23T09:29:43Z" finished-at="2020-10-23T09:29:43Z">
          <reporter-output>
          </reporter-output>
        </test-method> <!-- Test9 -->
      </class> <!-- MavenProject.ClassCTest -->
    </test> <!-- Command line test -->
  </suite> <!-- Command line suite -->
</testng-results>
